#
# A fatal error has been detected by the Java Runtime Environment:
#
#  EXCEPTION_ACCESS_VIOLATION (0xc0000005) at pc=0x5f78331d, pid=5220, tid=4492
#
# JRE version: 7.0-b147
# Java VM: Java HotSpot(TM) Client VM (21.0-b17 mixed mode, sharing windows-x86 )
# Problematic frame:
# C  0x5f78331d
#
# Failed to write core dump. Minidumps are not enabled by default on client versions of Windows
#
# If you would like to submit a bug report, please visit:
#   http://bugreport.sun.com/bugreport/crash.jsp
#

---------------  T H R E A D  ---------------

Current thread (0x02749800):  JavaThread "C1 CompilerThread0" daemon [_thread_in_vm_trans, id=4492, stack(0x04b70000,0x04bc0000)]

siginfo: ExceptionCode=0xc0000005, ExceptionInformation=0x00000008 0x5f78331d

Registers:
EAX=0x00000300, EBX=0x04bbf474, ECX=0x00cf0000, EDX=0x0273c248
ESP=0x04bbf300, EBP=0x04bbf330, ESI=0x04bbf8c4, EDI=0x02749800
EIP=0x5f78331d, EFLAGS=0x00010206

Top of Stack: (sp=0x04bbf300)
0x04bbf300:   5d783393 02749800 7252a451 02749800
0x04bbf310:   04bbf8c4 04bbf474 04bbf308 04bbee8c
0x04bbf320:   04bbf9c4 5d9d116c 2b4a0749 00000000
0x04bbf330:   04bbf348 5d788c33 02749800 026a6eb0
0x04bbf340:   0689cbd0 0089cbd0 04bbf37c 5d9afc56
0x04bbf350:   04bbf64c 04bbf474 000000b6 0688ee38
0x04bbf360:   00000000 026a6eb0 06591ab8 026a6eb0
0x04bbf370:   00000000 026a6eb0 04bb0194 04bbf3c4 

Instructions: (pc=0x5f78331d)
0x5f7832fd:   
[error occurred during error reporting (printing registers, top of stack, instructions near pc), id 0xc0000005]

Register to memory mapping:

EAX=0x00000300 is an unknown value
EBX=0x04bbf474 is pointing into the stack for thread: 0x02749800
ECX=0x00cf0000 is an unknown value
EDX=0x0273c248 is an unknown value
ESP=0x04bbf300 is pointing into the stack for thread: 0x02749800
EBP=0x04bbf330 is pointing into the stack for thread: 0x02749800
ESI=0x04bbf8c4 is pointing into the stack for thread: 0x02749800
EDI=0x02749800 is a thread


Stack: [0x04b70000,0x04bc0000],  sp=0x04bbf300,  free space=316k
Native frames: (J=compiled Java code, j=interpreted, Vv=VM code, C=native code)
C  0x5f78331d
V  [jvm.dll+0x8c33]
V  [jvm.dll+0x22fc56]
V  [jvm.dll+0x231610]
V  [jvm.dll+0x232081]
V  [jvm.dll+0x234d36]
V  [jvm.dll+0x234e99]
V  [jvm.dll+0x224f82]
V  [jvm.dll+0x2256b3]
V  [jvm.dll+0x2257da]
V  [jvm.dll+0x225937]
V  [jvm.dll+0x225bbd]
V  [jvm.dll+0x43795]
V  [jvm.dll+0x43bf4]
V  [jvm.dll+0x14433f]
V  [jvm.dll+0x171549]
C  [msvcr100.dll+0x5c6de]  endthreadex+0x3a
C  [msvcr100.dll+0x5c788]  endthreadex+0xe4
C  [KERNEL32.DLL+0x1495d]  BaseThreadInitThunk+0xe
C  [ntdll.dll+0x498ee]  RtlInitializeExceptionChain+0x84
C  [ntdll.dll+0x498c4]  RtlInitializeExceptionChain+0x5a


Current CompileTask:
C1:  32473 1174   !         com.sun.org.apache.xerces.internal.impl.XMLScanner::scanCharReferenceValue (716 bytes)


---------------  P R O C E S S  ---------------

Java Threads: ( => current thread )
  0x06483400 JavaThread "File lock request listener" [_thread_in_native, id=5696, stack(0x06b80000,0x06bd0000)]
  0x0608d800 JavaThread "Stdin handler" [_thread_blocked, id=3152, stack(0x06af0000,0x06b40000)]
  0x0608d000 JavaThread "Daemon worker" [_thread_blocked, id=4780, stack(0x06260000,0x062b0000)]
  0x0608f400 JavaThread "Cancel handler" [_thread_blocked, id=5148, stack(0x061d0000,0x06220000)]
  0x06084400 JavaThread "Handler for socket connection from /127.0.0.1:51287 to /127.0.0.1:51288" [_thread_in_native, id=3216, stack(0x06140000,0x06190000)]
  0x0606f800 JavaThread "Daemon" [_thread_blocked, id=3608, stack(0x060b0000,0x06100000)]
  0x05fff400 JavaThread "Incoming local TCP Connector on port 51287" [_thread_in_native, id=3916, stack(0x05990000,0x059e0000)]
  0x0274e000 JavaThread "Service Thread" daemon [_thread_blocked, id=4636, stack(0x04c00000,0x04c50000)]
=>0x02749800 JavaThread "C1 CompilerThread0" daemon [_thread_in_vm_trans, id=4492, stack(0x04b70000,0x04bc0000)]
  0x02748c00 JavaThread "Attach Listener" daemon [_thread_blocked, id=1192, stack(0x04ae0000,0x04b30000)]
  0x02747000 JavaThread "Signal Dispatcher" daemon [_thread_blocked, id=4928, stack(0x04a50000,0x04aa0000)]
  0x02738c00 JavaThread "Finalizer" daemon [_thread_blocked, id=4988, stack(0x049c0000,0x04a10000)]
  0x02737400 JavaThread "Reference Handler" daemon [_thread_blocked, id=3056, stack(0x04930000,0x04980000)]
  0x02899400 JavaThread "main" [_thread_blocked, id=2168, stack(0x00b90000,0x00be0000)]

Other Threads:
  0x02736000 VMThread [stack: 0x048a0000,0x048f0000] [id=5204]
  0x0276b000 WatcherThread [stack: 0x04c90000,0x04ce0000] [id=5252]

VM state:synchronizing (normal execution)

VM Mutex/Monitor currently owned by a thread:  ([mutex/lock_event])
[0x02897be8] Safepoint_lock - owner thread: 0x02736000
[0x02897d88] Threads_lock - owner thread: 0x02736000
[0x02898c18] Heap_lock - owner thread: 0x0608d000

Heap
 def new generation   total 8384K, used 8204K [0x14a90000, 0x153a0000, 0x1f530000)
  eden space 7488K, 100% used [0x14a90000, 0x151e0000, 0x151e0000)
  from space 896K,  79% used [0x151e0000, 0x15293000, 0x152c0000)
  to   space 896K,   0% used [0x152c0000, 0x152c0000, 0x153a0000)
 tenured generation   total 18424K, used 12862K [0x1f530000, 0x2072e000, 0x34a90000)
   the space 18424K,  69% used [0x1f530000, 0x201bf998, 0x201bfa00, 0x2072e000)
 compacting perm gen  total 14848K, used 14648K [0x34a90000, 0x35910000, 0x38a90000)
   the space 14848K,  98% used [0x34a90000, 0x358de3d8, 0x358de400, 0x35910000)
    ro space 10240K,  45% used [0x38a90000, 0x38f11888, 0x38f11a00, 0x39490000)
    rw space 12288K,  54% used [0x39490000, 0x39b104f8, 0x39b10600, 0x3a090000)

Code Cache  [0x028a0000, 0x02b88000, 0x048a0000)
 total_blobs=1588 nmethods=1156 adapters=364 free_code_cache=29794Kb largest_free_block=30508096

Dynamic libraries:
0x008b0000 - 0x008de000 	C:\Program Files (x86)\Java\jdk1.7.0\bin\java.exe
0x772a0000 - 0x77408000 	C:\Windows\SYSTEM32\ntdll.dll
0x75070000 - 0x751b0000 	C:\Windows\SYSTEM32\KERNEL32.DLL
0x768d0000 - 0x7699f000 	C:\Windows\SYSTEM32\KERNELBASE.dll
0x726c0000 - 0x7275a000 	C:\Windows\system32\apphelp.dll
0x5dab0000 - 0x5dd02000 	C:\Windows\AppPatch\AcGenral.DLL
0x76b30000 - 0x76bee000 	C:\Windows\SYSTEM32\msvcrt.dll
0x755c0000 - 0x755fe000 	C:\Windows\SYSTEM32\sechost.dll
0x74cd0000 - 0x74ced000 	C:\Windows\SYSTEM32\SspiCli.dll
0x754b0000 - 0x754f1000 	C:\Windows\SYSTEM32\SHLWAPI.dll
0x6ce90000 - 0x6cf6c000 	C:\Windows\SYSTEM32\UxTheme.dll
0x76fb0000 - 0x770ff000 	C:\Windows\SYSTEM32\USER32.dll
0x74e50000 - 0x74f58000 	C:\Windows\SYSTEM32\GDI32.dll
0x74c30000 - 0x74c50000 	C:\Windows\SYSTEM32\WINMM.dll
0x6c6c0000 - 0x6c6d2000 	C:\Windows\SYSTEM32\samcli.dll
0x769a0000 - 0x76aab000 	C:\Windows\SYSTEM32\ole32.dll
0x75500000 - 0x75587000 	C:\Windows\SYSTEM32\OLEAUT32.dll
0x6ca50000 - 0x6ca65000 	C:\Windows\SYSTEM32\MSACM32.dll
0x74c50000 - 0x74c58000 	C:\Windows\SYSTEM32\VERSION.dll
0x75610000 - 0x767b4000 	C:\Windows\SYSTEM32\SHELL32.dll
0x74c10000 - 0x74c29000 	C:\Windows\SYSTEM32\USERENV.dll
0x6ce70000 - 0x6ce89000 	C:\Windows\SYSTEM32\dwmapi.dll
0x6e4a0000 - 0x6e5c4000 	C:\Windows\SYSTEM32\urlmon.dll
0x76ab0000 - 0x76b27000 	C:\Windows\SYSTEM32\ADVAPI32.dll
0x74b20000 - 0x74b7e000 	C:\Windows\SYSTEM32\WINSPOOL.DRV
0x74bf0000 - 0x74c04000 	C:\Windows\SYSTEM32\MPR.dll
0x76810000 - 0x768c1000 	C:\Windows\SYSTEM32\RPCRT4.dll
0x74cc0000 - 0x74cc9000 	C:\Windows\SYSTEM32\CRYPTBASE.dll
0x75310000 - 0x7545e000 	C:\Windows\SYSTEM32\combase.dll
0x74ae0000 - 0x74b00000 	C:\Windows\SYSTEM32\WINMMBASE.dll
0x74ad0000 - 0x74ade000 	C:\Windows\SYSTEM32\profapi.dll
0x73f80000 - 0x74195000 	C:\Windows\SYSTEM32\iertutil.dll
0x74380000 - 0x74544000 	C:\Windows\SYSTEM32\WININET.dll
0x74c60000 - 0x74cb1000 	C:\Windows\SYSTEM32\bcryptPrimitives.dll
0x767d0000 - 0x7680a000 	C:\Windows\SYSTEM32\cfgmgr32.dll
0x74ab0000 - 0x74acf000 	C:\Windows\SYSTEM32\DEVOBJ.dll
0x74a30000 - 0x74aa7000 	C:\Windows\SYSTEM32\SHCORE.DLL
0x77140000 - 0x77165000 	C:\Windows\system32\IMM32.DLL
0x75210000 - 0x75307000 	C:\Windows\SYSTEM32\MSCTF.dll
0x6cf70000 - 0x6d155000 	C:\Windows\WinSxS\x86_microsoft.windows.common-controls_6595b64144ccf1df_6.0.9600.16384_none_a9f4965301334e09\COMCTL32.dll
0x61390000 - 0x6144e000 	C:\Program Files (x86)\Java\jdk1.7.0\jre\bin\msvcr100.dll
0x5d780000 - 0x5daa1000 	C:\Program Files (x86)\Java\jdk1.7.0\jre\bin\client\jvm.dll
0x74be0000 - 0x74be8000 	C:\Windows\SYSTEM32\WSOCK32.dll
0x767c0000 - 0x767c6000 	C:\Windows\SYSTEM32\PSAPI.DLL
0x77180000 - 0x771cd000 	C:\Windows\SYSTEM32\WS2_32.dll
0x75600000 - 0x75607000 	C:\Windows\SYSTEM32\NSI.dll
0x61870000 - 0x6187c000 	C:\Program Files (x86)\Java\jdk1.7.0\jre\bin\verify.dll
0x61850000 - 0x61870000 	C:\Program Files (x86)\Java\jdk1.7.0\jre\bin\java.dll
0x61830000 - 0x61843000 	C:\Program Files (x86)\Java\jdk1.7.0\jre\bin\zip.dll
0x61810000 - 0x61824000 	C:\Program Files (x86)\Java\jdk1.7.0\jre\bin\net.dll
0x10000000 - 0x10058000 	C:\Windows\system32\LavasoftTcpService.dll
0x6f120000 - 0x6f165000 	C:\Windows\SYSTEM32\MSWSOCK.dll
0x74240000 - 0x7425e000 	C:\Windows\SYSTEM32\IPHLPAPI.DLL
0x73f70000 - 0x73f78000 	C:\Windows\SYSTEM32\WINNSI.DLL
0x61800000 - 0x6180f000 	C:\Program Files (x86)\Java\jdk1.7.0\jre\bin\nio.dll
0x61540000 - 0x6154e000 	C:\Users\muslim\.gradle\native\19\windows-i386\native-platform.dll
0x74a20000 - 0x74a29000 	C:\Windows\SYSTEM32\kernel.appcore.dll
0x72e70000 - 0x72e82000 	C:\Windows\SYSTEM32\dhcpcsvc6.DLL
0x72e50000 - 0x72e63000 	C:\Windows\SYSTEM32\dhcpcsvc.DLL
0x73be0000 - 0x73bf8000 	C:\Windows\SYSTEM32\CRYPTSP.dll
0x73bb0000 - 0x73bdf000 	C:\Windows\system32\rsaenh.dll
0x73b90000 - 0x73bad000 	C:\Windows\SYSTEM32\bcrypt.dll
0x6f0f0000 - 0x6f100000 	C:\Windows\system32\napinsp.dll
0x6f0d0000 - 0x6f0e4000 	C:\Windows\system32\pnrpnsp.dll
0x6f0b0000 - 0x6f0c2000 	C:\Windows\system32\NLAapi.dll
0x74260000 - 0x742dc000 	C:\Windows\SYSTEM32\DNSAPI.dll
0x6f0a0000 - 0x6f0a9000 	C:\Windows\System32\winrnr.dll
0x6f090000 - 0x6f09f000 	C:\Windows\system32\wshbth.dll
0x6f030000 - 0x6f037000 	C:\Windows\System32\rasadhlp.dll
0x6f040000 - 0x6f084000 	C:\Windows\System32\fwpuclnt.dll

VM Arguments:
jvm_args: -XX:MaxHeapSize=1024m -Xmx512m -Dfile.encoding=windows-1252 -Duser.country=US -Duser.language=en -Duser.variant 
java_command: org.gradle.launcher.daemon.bootstrap.GradleDaemon 2.4 C:\Users\muslim\.gradle C:\Users\muslim\.gradle\daemon 10800000 2fb04543-8eb6-40e5-83bd-49731c55eecb -XX:MaxHeapSize=1024m -Xmx512m -Dfile.encoding=windows-1252 -Duser.country=US -Duser.language=en -Duser.variant
Launcher Type: SUN_STANDARD

Environment Variables:
PATH=C:\Windows\system32;C:\Windows;C:\Windows\System32\Wbem;C:\Windows\System32\WindowsPowerShell\v1.0\
USERNAME=muslim
OS=Windows_NT
PROCESSOR_IDENTIFIER=Intel64 Family 6 Model 37 Stepping 5, GenuineIntel



---------------  S Y S T E M  ---------------

OS: Windows NT 6.2 Build 9200 

CPU:total 4 (2 cores per cpu, 2 threads per core) family 6 model 37 stepping 5, cmov, cx8, fxsr, mmx, sse, sse2, sse3, ssse3, sse4.1, sse4.2, popcnt, ht

Memory: 4k page, physical 3978896k(1352448k free), swap 8042128k(5044228k free)

vm_info: Java HotSpot(TM) Client VM (21.0-b17) for windows-x86 JRE (1.7.0-b147), built on Jun 27 2011 02:25:52 by "java_re" with unknown MS VC++:1600

time: Sun Dec 13 17:14:05 2015
elapsed time: 32 seconds

